# Logfile created on Sat Aug 28 14:43:41 +0800 2010  [4;36;1mSQL (0.0ms)[0m   [0;1mSET NAMES 'utf8'[0m
  [4;35;1mSQL (0.0ms)[0m   [0mSET SQL_AUTO_IS_NULL=0[0m


Processing UsersController#index (for 127.0.0.1 at 2010-08-28 14:44:15) [GET]
  [4;36;1mUser Load (1.0ms)[0m   [0;1mSELECT * FROM `users` [0m
Rendering template within layouts/users
Rendering users/index
Completed in 40ms (View: 28, DB: 1) | 200 OK [http://localhost/users]
  [4;35;1mSQL (0.0ms)[0m   [0mSET NAMES 'utf8'[0m
  [4;36;1mSQL (0.0ms)[0m   [0;1mSET SQL_AUTO_IS_NULL=0[0m


Processing Rails::InfoController#properties (for 127.0.0.1 at 2010-08-28 14:44:42) [GET]
  [4;35;1mSQL (0.0ms)[0m   [0mSHOW TABLES[0m
  [4;36;1mSQL (1.0ms)[0m   [0;1mSELECT version FROM schema_migrations[0m
Completed in 96ms (View: 12, DB: 1) | 200 OK [http://localhost/rails/info/properties]
  [4;35;1mSQL (0.0ms)[0m   [0mSET NAMES 'utf8'[0m
  [4;36;1mSQL (1.0ms)[0m   [0;1mSET SQL_AUTO_IS_NULL=0[0m


Processing UsersController#index (for 127.0.0.1 at 2010-08-28 14:46:20) [GET]
  [4;35;1mUser Load (1.0ms)[0m   [0mSELECT * FROM `users` [0m
Rendering template within layouts/users
Rendering users/index
Completed in 15ms (View: 4, DB: 2) | 200 OK [http://localhost/Users]
  [4;36;1mSQL (0.0ms)[0m   [0;1mSET NAMES 'utf8'[0m
  [4;35;1mSQL (0.0ms)[0m   [0mSET SQL_AUTO_IS_NULL=0[0m


Processing UsersController#new (for 127.0.0.1 at 2010-08-28 14:46:22) [GET]
  [4;36;1mUser Columns (5.0ms)[0m   [0;1mSHOW FIELDS FROM `users`[0m
Rendering template within layouts/users
Rendering users/new
Completed in 39ms (View: 23, DB: 5) | 200 OK [http://localhost/users/new]
  [4;35;1mSQL (1.0ms)[0m   [0mSET NAMES 'utf8'[0m
  [4;36;1mSQL (0.0ms)[0m   [0;1mSET SQL_AUTO_IS_NULL=0[0m


Processing LoginController#index (for 127.0.0.1 at 2010-08-28 14:47:12) [GET]
Rendering login/index
Completed in 18ms (View: 16, DB: 1) | 200 OK [http://localhost/login]
  [4;35;1mSQL (0.0ms)[0m   [0mSET NAMES 'utf8'[0m
  [4;36;1mSQL (1.0ms)[0m   [0;1mSET SQL_AUTO_IS_NULL=0[0m


Processing LoginController#index (for 127.0.0.1 at 2010-08-28 14:47:24) [GET]
Rendering login/index
Completed in 6ms (View: 3, DB: 1) | 200 OK [http://localhost/login]
  [4;36;1mSQL (0.0ms)[0m   [0;1mSET NAMES 'utf8'[0m
  [4;35;1mSQL (1.0ms)[0m   [0mSET SQL_AUTO_IS_NULL=0[0m


Processing ApplicationController#index (for 127.0.0.1 at 2010-08-28 14:59:37) [GET]

ActionController::RoutingError (No route matches "/section" with {:method=>:get}):
  

Rendering rescues/layout (not_found)
  [4;36;1mSQL (0.0ms)[0m   [0;1mSET NAMES 'utf8'[0m
  [4;35;1mSQL (0.0ms)[0m   [0mSET SQL_AUTO_IS_NULL=0[0m


Processing SectionsController#index (for 127.0.0.1 at 2010-08-28 14:59:51) [GET]
  [4;36;1mSection Load (3.0ms)[0m   [0;1mSELECT * FROM `sections` [0m
Rendering template within layouts/sections
Rendering sections/index
Completed in 37ms (View: 25, DB: 3) | 200 OK [http://localhost/sections]
  [4;35;1mSQL (0.0ms)[0m   [0mSET NAMES 'utf8'[0m
  [4;36;1mSQL (1.0ms)[0m   [0;1mSET SQL_AUTO_IS_NULL=0[0m


Processing SectionsController#new (for 127.0.0.1 at 2010-08-28 14:59:53) [GET]
  [4;35;1mSection Columns (3.0ms)[0m   [0mSHOW FIELDS FROM `sections`[0m
Rendering template within layouts/sections
Rendering sections/new
Completed in 39ms (View: 24, DB: 4) | 200 OK [http://localhost/sections/new]
